[00:00:00] [ftbbackups2_Worker-1/INFO]: Attempting to create an automatic backup
[00:00:00] [ftbbackups2_Worker-1/INFO]: Found world folder at C:\Users\Nevermore\AppData\Roaming\.minecraft\versions\Traveller's Wonders\saves\New World\.
[00:00:00] [ftbbackups2_Worker-1/INFO]: Last backup size: 93.4MB Current world size: 120.5MB Current free space: 50.3GB ExpectedSize 101.4MB
[00:00:00] [ftbbackups2_Worker-1/INFO]: Setting world minecraft:overworld save state to true
[00:00:00] [ftbbackups2_Worker-1/INFO]: Setting world minecraft:the_nether save state to true
[00:00:00] [ftbbackups2_Worker-1/INFO]: Setting world minecraft:the_end save state to true
[00:00:00] [Render thread/INFO]: [System] [CHAT] Starting Server backup
[00:00:00] [Server thread/INFO]: ThreadedAnvilChunkStorage (New World): All chunks are saved
[00:00:00] [Server thread/INFO]: ThreadedAnvilChunkStorage (DIM-1): All chunks are saved
[00:00:00] [Server thread/INFO]: ThreadedAnvilChunkStorage (DIM1): All chunks are saved
[00:00:00] [Server thread/INFO]: ThreadedAnvilChunkStorage: All dimensions are saved
[00:00:00] [FTB Backups backup thread 0/INFO]: Rendering region file 3 3
[00:00:00] [Render thread/WARN]: Unable to play empty soundEvent: minecraft:entity.cod.ambient
[00:00:05] [FTB Backups backup thread 0/INFO]: Setting world minecraft:overworld save state to false
[00:00:05] [FTB Backups backup thread 0/INFO]: Setting world minecraft:the_nether save state to false
[00:00:05] [FTB Backups backup thread 0/INFO]: Setting world minecraft:the_end save state to false
[00:00:05] [Render thread/INFO]: [System] [CHAT] Backup finished in 0m, 5s, 518ms
[00:00:05] [FTB Backups backup thread 0/INFO]: Backup size 96.9MB World Size 120.6MB
[00:00:05] [FTB Backups backup thread 0/INFO]: Writing to file C:\Users\Nevermore\AppData\Roaming\.minecraft\versions\Traveller's Wonders\backups\backups.json
[00:00:05] [FTB Backups backup thread 0/INFO]: New backup created at C:\Users\Nevermore\AppData\Roaming\.minecraft\versions\Traveller's Wonders\backups\2023-5-16_0-0-0.zip size: 96.9MB Took: 0m, 5s, 518ms Sha1: c86fbed252358ade71bc72237bd8dfc8e27d041e
[00:01:21] [Render thread/INFO]: Loaded 252 advancements
[00:04:32] [Server thread/INFO]: Foxiallis has made the advancement [Aggressive Landscape Designer]
[00:04:32] [Render thread/INFO]: [System] [CHAT] Foxiallis has made the advancement [Aggressive Landscape Designer]
[00:04:32] [Render thread/INFO]: Loaded 255 advancements
[00:10:10] [Server thread/WARN]: UUID of added entity already exists: Drowned['Drowned'/5124, l='ServerLevel[New World]', x=1552.50, y=51.00, z=1203.50]
[00:10:10] [Render thread/WARN]: Received passengers for unknown entity
[00:11:01] [Render thread/WARN]: Unable to play empty soundEvent: minecraft:entity.salmon.ambient
[00:11:11] [Server thread/WARN]: UUID of added entity already exists: Drowned['Drowned'/5741, l='ServerLevel[New World]', x=1554.50, y=49.00, z=1227.50]
[00:11:11] [Render thread/WARN]: Received passengers for unknown entity
[00:11:44] [Server thread/INFO]: Foxiallis has made the advancement [Darkness Lies Ahead]
[00:11:44] [Render thread/INFO]: [System] [CHAT] Foxiallis has made the advancement [Darkness Lies Ahead]
[00:11:44] [Render thread/INFO]: Loaded 267 advancements
[00:11:54] [Server thread/INFO]: [Foxiallis: Set spawn point to 1604, 66, 1320 [0.0] in minecraft:overworld for Foxiallis]
[00:11:54] [Render thread/INFO]: [System] [CHAT] Set spawn point to 1604, 66, 1320 [0.0] in minecraft:overworld for Foxiallis
[00:11:59] [Server thread/INFO]: Foxiallis fell out of the world
[00:11:59] [Render thread/INFO]: [System] [CHAT] Foxiallis fell out of the world
[00:11:59] [Server thread/INFO]: Summoned Extradimensional Storage Crystal for Foxiallis at X: 1597.5707507082632, Y: 67.0, Z: 1321.6889332730875
[00:11:59] [Server thread/INFO]: [Foxiallis: Killed Foxiallis]
[00:11:59] [Render thread/INFO]: [System] [CHAT] Killed Foxiallis
[00:11:59] [Render thread/INFO]: Loaded 267 advancements
[00:12:04] [Server thread/INFO]: Player Foxiallis picking up: PermanentItemEntity['Extradimensional Vessel'/6603, l='ServerLevel[New World]', x=1597.57, y=68.50, z=1321.69]
[00:12:04] [Server thread/WARN]: [WARN] Removing Permanent Item Entity: PermanentItemEntity['Extradimensional Vessel'/6603, l='ServerLevel[New World]', x=1597.57, y=68.50, z=1321.69]
[00:13:59] [Server thread/WARN]: UUID of added entity already exists: Drowned['Drowned'/7956, l='ServerLevel[New World]', x=1552.50, y=51.00, z=1200.50]
[00:13:59] [Render thread/WARN]: Received passengers for unknown entity
[00:15:43] [Server thread/WARN]: UUID of added entity already exists: Drowned['Drowned'/9470, l='ServerLevel[New World]', x=1560.50, y=49.00, z=1201.50]
[00:15:43] [Render thread/WARN]: Received passengers for unknown entity
[00:16:56] [Server thread/WARN]: UUID of added entity already exists: Drowned['Drowned'/10165, l='ServerLevel[New World]', x=1560.50, y=50.00, z=1201.50]
[00:16:56] [Render thread/WARN]: Received passengers for unknown entity
[00:17:55] [Server thread/INFO]: Saving and pausing game...
[00:17:55] [Server thread/INFO]: Saving chunks for level 'ServerLevel[New World]'/minecraft:overworld
[00:17:55] [Server thread/INFO]: Saving chunks for level 'ServerLevel[New World]'/minecraft:the_nether
[00:17:55] [Server thread/INFO]: Saving chunks for level 'ServerLevel[New World]'/minecraft:the_end
[00:19:11] [Server thread/WARN]: UUID of added entity already exists: Drowned['Drowned'/11224, l='ServerLevel[New World]', x=1556.50, y=60.00, z=1222.50]
[00:19:11] [Render thread/WARN]: Received passengers for unknown entity
[00:23:17] [Server thread/WARN]: UUID of added entity already exists: Drowned['Drowned'/13139, l='ServerLevel[New World]', x=1552.50, y=59.00, z=1213.50]
[00:23:17] [Render thread/WARN]: Received passengers for unknown entity
[00:23:50] [Render thread/INFO]: Loaded 269 advancements
[00:24:12] [Server thread/WARN]: UUID of added entity already exists: Drowned['Drowned'/13627, l='ServerLevel[New World]', x=1553.50, y=62.00, z=1210.50]
[00:24:12] [Render thread/WARN]: Received passengers for unknown entity
[00:29:24] [Server thread/WARN]: UUID of added entity already exists: Drowned['Drowned'/15506, l='ServerLevel[New World]', x=1553.50, y=51.00, z=1203.50]
[00:29:24] [Render thread/WARN]: Received passengers for unknown entity
[00:29:58] [Server thread/WARN]: UUID of added entity already exists: Drowned['Drowned'/16124, l='ServerLevel[New World]', x=1554.50, y=53.00, z=1210.50]
[00:29:58] [Render thread/WARN]: Received passengers for unknown entity
[00:30:00] [ftbbackups2_Worker-1/INFO]: Attempting to create an automatic backup
[00:30:00] [ftbbackups2_Worker-1/INFO]: Found world folder at C:\Users\Nevermore\AppData\Roaming\.minecraft\versions\Traveller's Wonders\saves\New World\.
[00:30:00] [ftbbackups2_Worker-1/INFO]: Last backup size: 96.9MB Current world size: 123.8MB Current free space: 48.7GB ExpectedSize 104.4MB
[00:30:00] [ftbbackups2_Worker-1/INFO]: Setting world minecraft:overworld save state to true
[00:30:00] [ftbbackups2_Worker-1/INFO]: Setting world minecraft:the_nether save state to true
[00:30:00] [ftbbackups2_Worker-1/INFO]: Setting world minecraft:the_end save state to true
[00:30:00] [Render thread/INFO]: [System] [CHAT] Starting Server backup
[00:30:00] [FTB Backups backup thread 0/INFO]: Rendering region file 3 2
[00:30:00] [Server thread/INFO]: ThreadedAnvilChunkStorage (New World): All chunks are saved
[00:30:00] [Server thread/INFO]: ThreadedAnvilChunkStorage (DIM-1): All chunks are saved
[00:30:00] [Server thread/INFO]: ThreadedAnvilChunkStorage (DIM1): All chunks are saved
[00:30:00] [Server thread/INFO]: ThreadedAnvilChunkStorage: All dimensions are saved
[00:30:05] [FTB Backups backup thread 0/INFO]: Setting world minecraft:overworld save state to false
[00:30:05] [FTB Backups backup thread 0/INFO]: Setting world minecraft:the_nether save state to false
[00:30:05] [FTB Backups backup thread 0/INFO]: Setting world minecraft:the_end save state to false
[00:30:05] [Render thread/INFO]: [System] [CHAT] Backup finished in 0m, 5s, 469ms
[00:30:05] [FTB Backups backup thread 0/INFO]: Backup size 100.8MB World Size 123.8MB
[00:30:05] [FTB Backups backup thread 0/INFO]: Writing to file C:\Users\Nevermore\AppData\Roaming\.minecraft\versions\Traveller's Wonders\backups\backups.json
[00:30:05] [FTB Backups backup thread 0/INFO]: New backup created at C:\Users\Nevermore\AppData\Roaming\.minecraft\versions\Traveller's Wonders\backups\2023-5-16_0-30-0.zip size: 100.8MB Took: 0m, 5s, 469ms Sha1: 92878de8c70965a933be809bae0477cfbe8a51d0
[00:30:16] [Server thread/WARN]: UUID of added entity already exists: Drowned['Drowned'/16246, l='ServerLevel[New World]', x=1558.50, y=50.00, z=1203.50]
[00:30:16] [Render thread/WARN]: Received passengers for unknown entity
[00:30:29] [FTB Backups scheduled executor 0/INFO]: More backups than 5 found, Removing oldest backup
[00:30:29] [FTB Backups scheduled executor 0/INFO]: Removed old backup 2023-5-15_1-0-0.zip
[00:30:29] [FTB Backups scheduled executor 0/INFO]: File missing, removing from backups C:\Users\Nevermore\AppData\Roaming\.minecraft\versions\Traveller's Wonders\backups\2023-5-15_1-0-0.zip
[00:30:29] [FTB Backups scheduled executor 0/INFO]: Writing to file C:\Users\Nevermore\AppData\Roaming\.minecraft\versions\Traveller's Wonders\backups\backups.json
[00:31:19] [Server thread/WARN]: UUID of added entity already exists: Drowned['Drowned'/17013, l='ServerLevel[New World]', x=1554.50, y=54.00, z=1215.50]
[00:31:19] [Render thread/WARN]: Received passengers for unknown entity
[00:31:58] [Server thread/INFO]: [Foxiallis: Set own game mode to Survival Mode]
[00:31:58] [Render thread/INFO]: [System] [CHAT] Set own game mode to Survival Mode
[00:33:06] [Server thread/INFO]: [Foxiallis: Set own game mode to Creative Mode]
[00:33:06] [Render thread/INFO]: [System] [CHAT] Set own game mode to Creative Mode
[00:33:23] [Render thread/INFO]: Loaded 269 advancements
[00:33:37] [Worker-Main-10/WARN]: Tried to access a block entity before it was created. BlockPos{x=1005, y=40, z=1329}
[00:34:03] [Server thread/INFO]: Saving and pausing game...
[00:34:03] [Server thread/INFO]: Saving chunks for level 'ServerLevel[New World]'/minecraft:overworld
[00:34:03] [Server thread/INFO]: Saving chunks for level 'ServerLevel[New World]'/minecraft:the_nether
[00:34:03] [Server thread/INFO]: Saving chunks for level 'ServerLevel[New World]'/minecraft:the_end
[00:34:03] [Render thread/INFO]: JEI StartEventObserver received class net.minecraftforge.client.event.ClientPlayerNetworkEvent$LoggingOut
[00:34:03] [Render thread/INFO]: JEI StartEventObserver transitioning state from JEI_STARTED to DISABLED
[00:34:03] [Render thread/INFO]: Stopping JEI
[00:34:03] [Render thread/INFO]: Sending Runtime Unavailable: jei:minecraft ...
[00:34:03] [Render thread/INFO]: Sending Runtime Unavailable: jei:minecraft took 15.20 ?s
[00:34:03] [Render thread/INFO]: Sending Runtime Unavailable: alexsmobs:alexsmobs ...
[00:34:03] [Render thread/INFO]: Sending Runtime Unavailable: alexsmobs:alexsmobs took 1.300 ?s
[00:34:03] [Render thread/INFO]: Sending Runtime Unavailable: farmersdelight:jei_plugin ...
[00:34:03] [Render thread/INFO]: Sending Runtime Unavailable: farmersdelight:jei_plugin took 1.200 ?s
[00:34:03] [Render thread/INFO]: Sending Runtime Unavailable: botania:main ...
[00:34:03] [Render thread/INFO]: Sending Runtime Unavailable: botania:main took 1.100 ?s
[00:34:03] [Render thread/INFO]: Sending Runtime Unavailable: curios:curios ...
[00:34:03] [Render thread/INFO]: Sending Runtime Unavailable: curios:curios took 1.200 ?s
[00:34:03] [Render thread/INFO]: Sending Runtime Unavailable: patchouli:patchouli ...
[00:34:03] [Render thread/INFO]: Sending Runtime Unavailable: patchouli:patchouli took 1.200 ?s
[00:34:03] [Render thread/INFO]: Sending Runtime Unavailable: enigmaticlegacy:common_plugin ...
[00:34:03] [Render thread/INFO]: Sending Runtime Unavailable: enigmaticlegacy:common_plugin took 1.100 ?s
[00:34:03] [Render thread/INFO]: Sending Runtime Unavailable: kubejsadditions:jei_plugin ...
[00:34:03] [Render thread/INFO]: Sending Runtime Unavailable: kubejsadditions:jei_plugin took 1.300 ?s
[00:34:03] [Render thread/INFO]: Sending Runtime Unavailable: sliceanddice:jei ...
[00:34:03] [Render thread/INFO]: Sending Runtime Unavailable: sliceanddice:jei took 1.300 ?s
[00:34:03] [Render thread/INFO]: Sending Runtime Unavailable: createbigcannons:jei_plugin ...
[00:34:03] [Render thread/INFO]: Sending Runtime Unavailable: createbigcannons:jei_plugin took 1.200 ?s
[00:34:03] [Render thread/INFO]: Sending Runtime Unavailable: ftblibrary:jei ...
[00:34:03] [Render thread/INFO]: Sending Runtime Unavailable: ftblibrary:jei took 1.200 ?s
[00:34:03] [Render thread/INFO]: Sending Runtime Unavailable: jei:gui ...
[00:34:03] [Render thread/INFO]: Sending Runtime Unavailable: jei:gui took 1.100 ?s
[00:34:03] [Render thread/INFO]: Sending Runtime Unavailable: jei:debug ...
[00:34:03] [Render thread/INFO]: Sending Runtime Unavailable: jei:debug took 1.200 ?s
[00:34:03] [Render thread/INFO]: Sending Runtime Unavailable: jei:forge_gui ...
[00:34:03] [Render thread/INFO]: Stopping JEI GUI
[00:34:03] [JEI GUI Config file watcher/INFO]: FileWatcher was interrupted, stopping.
[00:34:03] [Render thread/INFO]: Sending Runtime Unavailable: jei:forge_gui took 4.562 ms
[00:34:03] [Render thread/INFO]: Sending Runtime Unavailable: kubejs:jei ...
[00:34:03] [Render thread/INFO]: Sending Runtime Unavailable: kubejs:jei took 5.500 ?s
[00:34:03] [Render thread/INFO]: Sending Runtime Unavailable: environmental:environmental ...
[00:34:03] [Render thread/INFO]: Sending Runtime Unavailable: environmental:environmental took 2.000 ?s
[00:34:03] [Render thread/INFO]: Sending Runtime Unavailable: ars_nouveau:main ...
[00:34:03] [Render thread/INFO]: Sending Runtime Unavailable: ars_nouveau:main took 1.500 ?s
[00:34:03] [Render thread/INFO]: Sending Runtime Unavailable: null ...
[00:34:03] [Render thread/INFO]: Sending Runtime Unavailable: null took 2.300 ?s
[00:34:03] [Render thread/INFO]: Sending Runtime Unavailable: immersiveengineering:main ...
[00:34:03] [Render thread/INFO]: Sending Runtime Unavailable: immersiveengineering:main took 1.700 ?s
[00:34:03] [Render thread/INFO]: Sending Runtime Unavailable: jade:main ...
[00:34:03] [Render thread/INFO]: Sending Runtime Unavailable: jade:main took 1.500 ?s
[00:34:03] [Render thread/INFO]: Sending Runtime Unavailable: nethersdelight:jei_plugin ...
[00:34:03] [Render thread/INFO]: Sending Runtime Unavailable: nethersdelight:jei_plugin took 1.800 ?s
[00:34:03] [Render thread/INFO]: Sending Runtime Unavailable: create:jei_plugin ...
[00:34:03] [Render thread/INFO]: Sending Runtime Unavailable: create:jei_plugin took 1.500 ?s
[00:34:03] [Render thread/INFO]: Sending Runtime Unavailable: farmersrespite:jei_plugin ...
[00:34:03] [Render thread/INFO]: Sending Runtime Unavailable: farmersrespite:jei_plugin took 9.300 ?s
[00:34:03] [Render thread/INFO]: Sending Runtime Unavailable: quark:quark ...
[00:34:03] [Render thread/INFO]: Sending Runtime Unavailable: quark:quark took 1.800 ?s
[00:34:03] [Render thread/INFO]: Sending Runtime Unavailable: ars_elemental:main ...
[00:34:03] [Render thread/INFO]: Sending Runtime Unavailable: ars_elemental:main took 1.700 ?s
[00:34:03] [Render thread/INFO]: Sending Runtime Unavailable: delightful:jei_plugin ...
[00:34:03] [Render thread/INFO]: Sending Runtime Unavailable: delightful:jei_plugin took 1.500 ?s
[00:34:03] [Render thread/INFO]: Sending Runtime Unavailable: createaddition:jei_plugin ...
[00:34:03] [Render thread/INFO]: Sending Runtime Unavailable: createaddition:jei_plugin took 1.600 ?s
[00:34:03] [Render thread/INFO]: Sending Runtime Unavailable: jei:internal ...
[00:34:03] [Render thread/INFO]: Sending Runtime Unavailable: jei:internal took 1.400 ?s
[00:34:03] [JEI Library Config file watcher/INFO]: FileWatcher was interrupted, stopping.
[00:34:03] [Render thread/INFO]: Removed entity.illageandspillage.boss_randomizer from Raids to prevent a post-mod-removal crash
[00:34:03] [Render thread/INFO]: Removed entity.illageandspillage.igniter from Raids to prevent a post-mod-removal crash
[00:34:03] [Render thread/INFO]: Removed entity.illageandspillage.twittollager from Raids to prevent a post-mod-removal crash
[00:34:03] [Render thread/INFO]: Removed entity.illageandspillage.magispeller from Raids to prevent a post-mod-removal crash
[00:34:03] [Render thread/INFO]: Removed entity.illageandspillage.spiritcaller from Raids to prevent a post-mod-removal crash
[00:34:03] [Render thread/INFO]: Removed entity.illageandspillage.crocofang from Raids to prevent a post-mod-removal crash
[00:34:03] [Render thread/INFO]: Removed entity.illageandspillage.absorber from Raids to prevent a post-mod-removal crash
[00:34:03] [Render thread/INFO]: Removed entity.illageandspillage.preserver from Raids to prevent a post-mod-removal crash
[00:34:03] [Render thread/INFO]: Removed entity.illageandspillage.freakager from Raids to prevent a post-mod-removal crash
[00:34:03] [Server thread/INFO]: Foxiallis lost connection: Disconnected
[00:34:03] [Server thread/INFO]: Foxiallis left the game
[00:34:04] [Server thread/INFO]: Stopping singleplayer server as player logged out
[00:34:04] [Server thread/INFO]: Shutting down scheduler thread
[00:34:04] [Server thread/INFO]: Scheduler ftbbackups2_$_NON_CLUSTERED shutting down.
[00:34:04] [Server thread/INFO]: Scheduler ftbbackups2_$_NON_CLUSTERED paused.
[00:34:04] [Server thread/INFO]: Scheduler ftbbackups2_$_NON_CLUSTERED shutdown complete.
[00:34:04] [Server thread/INFO]: Shutting down the config watcher executor
[00:34:04] [Server thread/INFO]: Shutting down backup cleaning executor
[00:34:04] [Server thread/INFO]: Shutting down backup executor
[00:34:04] [Server thread/INFO]: =========Checking everything is shut down============
[00:34:04] [Server thread/INFO]: Scheduler Shutdown:true
[00:34:04] [Server thread/INFO]: Config watcher Shutdown:true
[00:34:04] [Server thread/INFO]: Cleaner watcher Shutdown:true
[00:34:04] [Server thread/INFO]: Backup Executor Shutdown:true
[00:34:04] [Server thread/INFO]: ========Shutdown completed, FTB Backups has now finished shutting down==========
[00:34:04] [Server thread/INFO]: Stopping server
[00:34:04] [Server thread/INFO]: Saving players
[00:34:04] [Server thread/INFO]: Saving worlds
[00:34:05] [Server thread/INFO]: Saving chunks for level 'ServerLevel[New World]'/minecraft:overworld
[00:34:05] [Server thread/INFO]: Saving chunks for level 'ServerLevel[New World]'/minecraft:the_nether
[00:34:05] [Server thread/INFO]: Saving chunks for level 'ServerLevel[New World]'/minecraft:the_end
[00:34:05] [Server thread/INFO]: ThreadedAnvilChunkStorage (New World): All chunks are saved
[00:34:05] [Server thread/INFO]: ThreadedAnvilChunkStorage (DIM-1): All chunks are saved
[00:34:05] [Server thread/INFO]: ThreadedAnvilChunkStorage (DIM1): All chunks are saved
[00:34:05] [Server thread/INFO]: ThreadedAnvilChunkStorage: All dimensions are saved
[00:34:05] [Server thread/INFO]: Removed entity.illageandspillage.boss_randomizer from Raids to prevent a post-mod-removal crash
[00:34:05] [Server thread/INFO]: Removed entity.illageandspillage.igniter from Raids to prevent a post-mod-removal crash
[00:34:05] [Server thread/INFO]: Removed entity.illageandspillage.twittollager from Raids to prevent a post-mod-removal crash
[00:34:05] [Server thread/INFO]: Removed entity.illageandspillage.magispeller from Raids to prevent a post-mod-removal crash
[00:34:05] [Server thread/INFO]: Removed entity.illageandspillage.spiritcaller from Raids to prevent a post-mod-removal crash
[00:34:05] [Server thread/INFO]: Removed entity.illageandspillage.crocofang from Raids to prevent a post-mod-removal crash
[00:34:05] [Server thread/INFO]: Removed entity.illageandspillage.absorber from Raids to prevent a post-mod-removal crash
[00:34:05] [Server thread/INFO]: Removed entity.illageandspillage.preserver from Raids to prevent a post-mod-removal crash
[00:34:05] [Server thread/INFO]: Removed entity.illageandspillage.freakager from Raids to prevent a post-mod-removal crash
[00:34:06] [Server thread/INFO]: Removed entity.illageandspillage.boss_randomizer from Raids to prevent a post-mod-removal crash
[00:34:06] [Server thread/INFO]: Removed entity.illageandspillage.igniter from Raids to prevent a post-mod-removal crash
[00:34:06] [Server thread/INFO]: Removed entity.illageandspillage.twittollager from Raids to prevent a post-mod-removal crash
[00:34:06] [Server thread/INFO]: Removed entity.illageandspillage.magispeller from Raids to prevent a post-mod-removal crash
[00:34:06] [Server thread/INFO]: Removed entity.illageandspillage.spiritcaller from Raids to prevent a post-mod-removal crash
[00:34:06] [Server thread/INFO]: Removed entity.illageandspillage.crocofang from Raids to prevent a post-mod-removal crash
[00:34:06] [Server thread/INFO]: Removed entity.illageandspillage.absorber from Raids to prevent a post-mod-removal crash
[00:34:06] [Server thread/INFO]: Removed entity.illageandspillage.preserver from Raids to prevent a post-mod-removal crash
[00:34:06] [Server thread/INFO]: Removed entity.illageandspillage.freakager from Raids to prevent a post-mod-removal crash
[00:34:06] [Server thread/INFO]: Removed entity.illageandspillage.boss_randomizer from Raids to prevent a post-mod-removal crash
[00:34:06] [Server thread/INFO]: Removed entity.illageandspillage.igniter from Raids to prevent a post-mod-removal crash
[00:34:06] [Server thread/INFO]: Removed entity.illageandspillage.twittollager from Raids to prevent a post-mod-removal crash
[00:34:06] [Server thread/INFO]: Removed entity.illageandspillage.magispeller from Raids to prevent a post-mod-removal crash
[00:34:06] [Server thread/INFO]: Removed entity.illageandspillage.spiritcaller from Raids to prevent a post-mod-removal crash
[00:34:06] [Server thread/INFO]: Removed entity.illageandspillage.crocofang from Raids to prevent a post-mod-removal crash
[00:34:06] [Server thread/INFO]: Removed entity.illageandspillage.absorber from Raids to prevent a post-mod-removal crash
[00:34:06] [Server thread/INFO]: Removed entity.illageandspillage.preserver from Raids to prevent a post-mod-removal crash
[00:34:06] [Server thread/INFO]: Removed entity.illageandspillage.freakager from Raids to prevent a post-mod-removal crash
[00:34:10] [Server thread/INFO]: Unloading server configs...
[00:34:10] [Render thread/INFO]: Stopping worker threads
